[18:29:50 2/12/2025] Khởi động thành công – Load 365 sản phẩm
[18:30:30 2/12/2025] Khởi động thành công – Load 365 sản phẩm
[18:31:00 2/12/2025] UPLOAD THÀNH CÔNG → Charming Wool Fox Plush | Ảnh 1 | không có → charming-wool-fox-plush-1.png | 1851KB
[18:31:33 2/12/2025] UPLOAD THÀNH CÔNG → Classic Cuddly Teddy Bear | Ảnh 1 | không có → classic-cuddly-teddy-bear-1.png | 2247KB
[18:32:11 2/12/2025] XÓA ẢNH → Classic Cuddly Teddy Bear | Ảnh 1 | classic-cuddly-teddy-bear-1.png
[18:36:44 02/12/2025] [SERVER] ================================================================
[18:36:44 02/12/2025] [SERVER] TOOL QUẢN LÝ ẢNH ĐÃ KHỞI ĐỘNG THÀNH CÔNG
[18:36:44 02/12/2025] [SERVER] Link truy cập: http://localhost:3000
[18:36:44 02/12/2025] [SERVER] File log: E:\TOOL\wordpress\upload.log
[18:36:44 02/12/2025] [SERVER] Thư mục ảnh: E:\TOOL\wordpress\public\images
[18:36:44 02/12/2025] [SERVER] ================================================================
[18:36:44 02/12/2025] [SERVER] KHỞI ĐỘNG THÀNH CÔNG – Đã load 365 sản phẩm từ products.csv
[18:36:49 02/12/2025] [::1] Truy cập trang chủ
[18:36:49 02/12/2025] [::1] API GET /api/products → Trang 1, limit 24, trả về 24 sản phẩm
[18:36:49 02/12/2025] [::1] API GET /api/products → Trang 1, limit 24, trả về 24 sản phẩm
[18:37:10 02/12/2025] [::1] BẮT ĐẦU UPLOAD → ID: 000 | Ảnh thứ 1 | File: Gemini_Generated_Image_d9e74vd9e74vd9e7.png | Kích thước: 1345.9KB
[18:37:10 02/12/2025] [::1] UPLOAD THÀNH CÔNG → Charming Wool Fox Plush | Ảnh 1 | không có → charming-wool-fox-plush-1.png | 1851KB | IP: ::1
[18:37:12 02/12/2025] [::1] API GET /api/products → Trang 1, limit 24, trả về 24 sản phẩm
[18:38:01 02/12/2025] [::1] Truy cập trang chủ
[18:38:02 02/12/2025] [::1] API GET /api/products → Trang 1, limit 24, trả về 24 sản phẩm
[18:38:02 02/12/2025] [::1] API GET /api/products → Trang 1, limit 24, trả về 24 sản phẩm
[18:38:07 02/12/2025] [SERVER] ================================================================
[18:38:07 02/12/2025] [SERVER] TOOL QUẢN LÝ ẢNH ĐÃ KHỞI ĐỘNG THÀNH CÔNG
[18:38:07 02/12/2025] [SERVER] Link truy cập: http://localhost:3000
[18:38:07 02/12/2025] [SERVER] File log: E:\TOOL\wordpress\upload.log
[18:38:07 02/12/2025] [SERVER] Thư mục ảnh: E:\TOOL\wordpress\public\images
[18:38:07 02/12/2025] [SERVER] ================================================================
[18:38:07 02/12/2025] [SERVER] KHỞI ĐỘNG THÀNH CÔNG – Đã load 365 sản phẩm từ products.csv
[18:38:10 02/12/2025] [::1] Truy cập trang chủ
[18:38:10 02/12/2025] [::1] API GET /api/products → Trang 1, limit 24, trả về 24 sản phẩm
[18:38:10 02/12/2025] [::1] API GET /api/products → Trang 1, limit 24, trả về 24 sản phẩm
[18:39:28 2/12/2025] [SERVER] ================================================================
[18:39:28 2/12/2025] [SERVER] TOOL QUẢN LÝ ẢNH SIÊU NHANH ĐÃ KHỞI ĐỘNG
[18:39:28 2/12/2025] [SERVER] → http://localhost:3000
[18:39:28 2/12/2025] [SERVER] → Ảnh được nén WebP + resize ngay trên trình duyệt
[18:39:28 2/12/2025] [SERVER] → Upload chỉ còn 1–3 giây!
[18:39:28 2/12/2025] [SERVER] ================================================================
[18:39:28 2/12/2025] [SERVER] KHỞI ĐỘNG – Load 365 sản phẩm
[18:40:32 2/12/2025] [SERVER] ════════════════════════════════════════════════
[18:40:32 2/12/2025] [SERVER] TOOL QUẢN LÝ ẢNH SIÊU NHANH ĐÃ KHỞI ĐỘNG
[18:40:32 2/12/2025] [SERVER] → http://localhost:3000
[18:40:32 2/12/2025] [SERVER] → Tốc độ upload: 1–3 giây (ảnh 8MB)
[18:40:32 2/12/2025] [SERVER] → Định dạng: WebP tự động
[18:40:32 2/12/2025] [SERVER] → Không reload trang khi upload
[18:40:32 2/12/2025] [SERVER] ════════════════════════════════════════════════
[18:40:32 2/12/2025] [SERVER] KHỞI ĐỘNG – Đã load 365 sản phẩm
[18:41:14 2/12/2025] [SERVER] ════════════════════════════════════════════════
[18:41:14 2/12/2025] [SERVER] TOOL QUẢN LÝ ẢNH SIÊU NHANH ĐÃ KHỞI ĐỘNG
[18:41:14 2/12/2025] [SERVER] → http://localhost:3000
[18:41:14 2/12/2025] [SERVER] → Tốc độ upload: 1–3 giây (ảnh 8MB)
[18:41:14 2/12/2025] [SERVER] → Định dạng: WebP tự động
[18:41:14 2/12/2025] [SERVER] → Không reload trang khi upload
[18:41:14 2/12/2025] [SERVER] ════════════════════════════════════════════════
[18:41:14 2/12/2025] [SERVER] KHỞI ĐỘNG – Đã load 365 sản phẩm
[18:41:17 2/12/2025] [::1] Truy cập trang chủ
[18:41:18 2/12/2025] [::1] API GET /api/products – Trang 1 – 24 sản phẩm
[18:41:18 2/12/2025] [::1] API GET /api/products – Trang 1 – 24 sản phẩm
[18:41:38 2/12/2025] [::1] BẮT ĐẦU UPLOAD → Charming Wool Fox Plush | Ảnh 1 | Gemini_Generated_Image_d9e74vd9e74vd9e7.png (1.31MB)
[18:41:38 2/12/2025] [::1] UPLOAD THÀNH CÔNG → Charming Wool Fox Plush | Ảnh 1 → charming-wool-fox-plush-1.webp (77KB)
[18:41:38 2/12/2025] [::1] API GET /api/products – Trang 1 – 24 sản phẩm
[18:41:48 2/12/2025] [::1] Truy cập trang chủ
[18:41:48 2/12/2025] [::1] API GET /api/products – Trang 1 – 24 sản phẩm
[18:41:48 2/12/2025] [::1] API GET /api/products – Trang 1 – 24 sản phẩm
[18:41:53 2/12/2025] [SERVER] ════════════════════════════════════════════════
[18:41:53 2/12/2025] [SERVER] TOOL QUẢN LÝ ẢNH SIÊU NHANH ĐÃ KHỞI ĐỘNG
[18:41:53 2/12/2025] [SERVER] → http://localhost:3000
[18:41:53 2/12/2025] [SERVER] → Tốc độ upload: 1–3 giây (ảnh 8MB)
[18:41:53 2/12/2025] [SERVER] → Định dạng: WebP tự động
[18:41:53 2/12/2025] [SERVER] → Không reload trang khi upload
[18:41:53 2/12/2025] [SERVER] ════════════════════════════════════════════════
[18:41:53 2/12/2025] [SERVER] KHỞI ĐỘNG – Đã load 365 sản phẩm
[18:41:56 2/12/2025] [::1] Truy cập trang chủ
[18:41:56 2/12/2025] [::1] API GET /api/products – Trang 1 – 24 sản phẩm
[18:41:56 2/12/2025] [::1] API GET /api/products – Trang 1 – 24 sản phẩm
[18:43:11 2/12/2025] [SERVER] Đang load dữ liệu từ: products_with_images.csv
[18:43:11 2/12/2025] [SERVER] ════════════════════════════════════════════════
[18:43:11 2/12/2025] [SERVER] TOOL QUẢN LÝ ẢNH SIÊU NHANH ĐÃ KHỞI ĐỘNG
[18:43:11 2/12/2025] [SERVER] → http://localhost:3000
[18:43:11 2/12/2025] [SERVER] → Tốc độ upload: 1–3 giây (ảnh 8MB)
[18:43:11 2/12/2025] [SERVER] → Định dạng: WebP tự động
[18:43:11 2/12/2025] [SERVER] → Không reload trang khi upload
[18:43:11 2/12/2025] [SERVER] ════════════════════════════════════════════════
[18:43:11 2/12/2025] [SERVER] KHỞI ĐỘNG THÀNH CÔNG – Đã load 365 sản phẩm (có giữ lại ảnh cũ)
[18:43:14 2/12/2025] [::1] Truy cập trang chủ
[18:43:15 2/12/2025] [::1] API GET /api/products – Trang 1 – 24 sản phẩm
[18:43:15 2/12/2025] [::1] API GET /api/products – Trang 1 – 24 sản phẩm
[18:43:23 2/12/2025] [::1] Truy cập trang chủ
[18:43:24 2/12/2025] [::1] API GET /api/products – Trang 1 – 24 sản phẩm
[18:43:24 2/12/2025] [::1] API GET /api/products – Trang 1 – 24 sản phẩm
[18:43:39 2/12/2025] [SERVER] Đang load dữ liệu từ: products_with_images.csv
[18:43:39 2/12/2025] [SERVER] ════════════════════════════════════════════════
[18:43:39 2/12/2025] [SERVER] TOOL QUẢN LÝ ẢNH SIÊU NHANH ĐÃ KHỞI ĐỘNG
[18:43:39 2/12/2025] [SERVER] → http://localhost:3000
[18:43:39 2/12/2025] [SERVER] → Tốc độ upload: 1–3 giây (ảnh 8MB)
[18:43:39 2/12/2025] [SERVER] → Định dạng: WebP tự động
[18:43:39 2/12/2025] [SERVER] → Không reload trang khi upload
[18:43:39 2/12/2025] [SERVER] ════════════════════════════════════════════════
[18:43:39 2/12/2025] [SERVER] KHỞI ĐỘNG THÀNH CÔNG – Đã load 365 sản phẩm (có giữ lại ảnh cũ)
[18:46:13 2/12/2025] [SERVER] Đang load từ: products_with_images.csv
[18:46:13 2/12/2025] [SERVER] ════════════════════════════════════════════════
[18:46:13 2/12/2025] [SERVER] TOOL QUẢN LÝ ẢNH SIÊU NHANH ĐÃ KHỞI ĐỘNG
[18:46:13 2/12/2025] [SERVER] → http://localhost:3000
[18:46:13 2/12/2025] [SERVER] → Tốc độ upload: 1–3 giây (ảnh 8MB)
[18:46:13 2/12/2025] [SERVER] → Định dạng: WebP tự động
[18:46:13 2/12/2025] [SERVER] → Không reload trang khi upload
[18:46:13 2/12/2025] [SERVER] ════════════════════════════════════════════════
[18:46:13 2/12/2025] [SERVER] Phát hiện định dạng CSV: TOOL_BACKUP
[18:46:13 2/12/2025] [SERVER] KHỞI ĐỘNG THÀNH CÔNG – Load 365 sản phẩm (hỗ trợ cả 2 định dạng CSV)
[18:46:32 2/12/2025] [::1] Truy cập trang chủ
[18:46:33 2/12/2025] [::1] API GET /api/products – Trang 1 – 24 sản phẩm
[18:46:33 2/12/2025] [::1] API GET /api/products – Trang 1 – 24 sản phẩm
[18:47:18 2/12/2025] [SERVER] Đang load từ: products_with_images.csv
[18:47:18 2/12/2025] [SERVER] ════════════════════════════════════════════════
[18:47:18 2/12/2025] [SERVER] TOOL QUẢN LÝ ẢNH SIÊU NHANH ĐÃ KHỞI ĐỘNG
[18:47:18 2/12/2025] [SERVER] → http://localhost:3000
[18:47:18 2/12/2025] [SERVER] → Tốc độ upload: 1–3 giây (ảnh 8MB)
[18:47:18 2/12/2025] [SERVER] → Định dạng: WebP tự động
[18:47:18 2/12/2025] [SERVER] → Không reload trang khi upload
[18:47:18 2/12/2025] [SERVER] ════════════════════════════════════════════════
[18:47:18 2/12/2025] [SERVER] Phát hiện định dạng CSV: TOOL_BACKUP
[18:47:18 2/12/2025] [SERVER] KHỞI ĐỘNG THÀNH CÔNG – Load 365 sản phẩm (hỗ trợ cả 2 định dạng CSV)
[18:47:26 2/12/2025] [::1] Truy cập trang chủ
[18:47:27 2/12/2025] [::1] API GET /api/products – Trang 1 – 24 sản phẩm
[18:47:27 2/12/2025] [::1] API GET /api/products – Trang 1 – 24 sản phẩm
[18:47:53 2/12/2025] [::1] BẮT ĐẦU UPLOAD → Charming Wool Fox Plush | Ảnh 1 | Gemini_Generated_Image_d9e74vd9e74vd9e7.png (1.31MB)
[18:47:54 2/12/2025] [::1] UPLOAD THÀNH CÔNG → Charming Wool Fox Plush | Ảnh 1 → charming-wool-fox-plush-1.webp (77KB)
[18:47:54 2/12/2025] [::1] API GET /api/products – Trang 1 – 24 sản phẩm
[18:47:58 2/12/2025] [::1] Truy cập trang chủ
[18:47:58 2/12/2025] [::1] API GET /api/products – Trang 1 – 24 sản phẩm
[18:47:58 2/12/2025] [::1] API GET /api/products – Trang 1 – 24 sản phẩm
[18:48:05 2/12/2025] [SERVER] Đang load từ: products_with_images.csv
[18:48:05 2/12/2025] [SERVER] ════════════════════════════════════════════════
[18:48:05 2/12/2025] [SERVER] TOOL QUẢN LÝ ẢNH SIÊU NHANH ĐÃ KHỞI ĐỘNG
[18:48:05 2/12/2025] [SERVER] → http://localhost:3000
[18:48:05 2/12/2025] [SERVER] → Tốc độ upload: 1–3 giây (ảnh 8MB)
[18:48:05 2/12/2025] [SERVER] → Định dạng: WebP tự động
[18:48:05 2/12/2025] [SERVER] → Không reload trang khi upload
[18:48:05 2/12/2025] [SERVER] ════════════════════════════════════════════════
[18:48:05 2/12/2025] [SERVER] Phát hiện định dạng CSV: TOOL_BACKUP
[18:48:05 2/12/2025] [SERVER] KHỞI ĐỘNG THÀNH CÔNG – Load 365 sản phẩm (hỗ trợ cả 2 định dạng CSV)
[18:48:07 2/12/2025] [::1] Truy cập trang chủ
[18:48:08 2/12/2025] [::1] API GET /api/products – Trang 1 – 24 sản phẩm
[18:48:08 2/12/2025] [::1] API GET /api/products – Trang 1 – 24 sản phẩm
[18:48:12 2/12/2025] [::1] Truy cập trang chủ
[18:48:13 2/12/2025] [::1] API GET /api/products – Trang 1 – 24 sản phẩm
[18:48:13 2/12/2025] [::1] API GET /api/products – Trang 1 – 24 sản phẩm
[18:48:32 2/12/2025] [::1] BẮT ĐẦU UPLOAD → Classic Cuddly Teddy Bear | Ảnh 1 | Gemini_Generated_Image_fcx0iafcx0iafcx0.png (1.19MB)
[18:48:32 2/12/2025] [::1] UPLOAD THÀNH CÔNG → Classic Cuddly Teddy Bear | Ảnh 1 → classic-cuddly-teddy-bear-1.webp (46KB)
[18:48:32 2/12/2025] [::1] API GET /api/products – Trang 1 – 24 sản phẩm
[18:50:06 2/12/2025] [SERVER] Đang load từ: products_with_images.csv
[18:50:06 2/12/2025] [SERVER] TOOL QUẢN LÝ ẢNH SIÊU MƯỢT ĐÃ KHỞI ĐỘNG
[18:50:06 2/12/2025] [SERVER] → http://localhost:3000
[18:50:06 2/12/2025] [SERVER] → Giữ ảnh vĩnh viễn, không reload trang, tốc độ nhanh như chớp!
[18:50:06 2/12/2025] [SERVER] Định dạng CSV: TOOL_BACKUP
[18:50:06 2/12/2025] [SERVER] KHỞI ĐỘNG THÀNH CÔNG – Load 365 sản phẩm (giữ lại ảnh cũ)
[18:50:47 2/12/2025] [SERVER] Đang load từ: products_with_images.csv
[18:50:47 2/12/2025] [SERVER] TOOL QUẢN LÝ ẢNH SIÊU MƯỢT ĐÃ KHỞI ĐỘNG
[18:50:47 2/12/2025] [SERVER] → http://localhost:3000
[18:50:47 2/12/2025] [SERVER] → Giữ ảnh vĩnh viễn, không reload trang, tốc độ nhanh như chớp!
[18:50:47 2/12/2025] [SERVER] Định dạng CSV: TOOL_BACKUP
[18:50:47 2/12/2025] [SERVER] KHỞI ĐỘNG THÀNH CÔNG – Load 365 sản phẩm (giữ lại ảnh cũ)
[18:50:51 2/12/2025] [::1] Truy cập trang chủ
[18:51:13 2/12/2025] [::1] UPLOAD → Vibrant and Cuddly Colorful Panda Plush | Ảnh 1 → vibrant-and-cuddly-colorful-panda-plush-1.webp (77KB)
[18:52:31 2/12/2025] [SERVER] Đang load từ: products_with_images.csv
[18:52:31 2/12/2025] [SERVER] TOOL QUẢN LÝ ẢNH SIÊU MƯỢT ĐÃ KHỞI ĐỘNG
[18:52:31 2/12/2025] [SERVER] → http://localhost:3000
[18:52:31 2/12/2025] [SERVER] → Giữ ảnh vĩnh viễn, không reload trang, tốc độ nhanh như chớp!
[18:52:31 2/12/2025] [SERVER] Định dạng CSV: TOOL_BACKUP
[18:52:31 2/12/2025] [SERVER] KHỞI ĐỘNG THÀNH CÔNG – Load 365 sản phẩm (giữ lại ảnh cũ)
[18:52:35 2/12/2025] [::1] Truy cập trang chủ
[18:53:01 2/12/2025] [::1] UPLOAD → Charming Wool Dog Toy | Ảnh 1 → charming-wool-dog-toy-1.webp (77KB)
[18:53:35 2/12/2025] [::1] Truy cập trang chủ
[18:54:10 2/12/2025] [SERVER] Đang load từ: products_with_images.csv
[18:54:10 2/12/2025] [SERVER] TOOL QUẢN LÝ ẢNH SIÊU MƯỢT ĐÃ KHỞI ĐỘNG
[18:54:10 2/12/2025] [SERVER] → http://localhost:3000
[18:54:10 2/12/2025] [SERVER] → Giữ ảnh vĩnh viễn, không reload trang, tốc độ nhanh như chớp!
[18:54:10 2/12/2025] [SERVER] Định dạng CSV: TOOL_BACKUP
[18:54:21 2/12/2025] [SERVER] Đang load từ: products_with_images.csv
[18:54:21 2/12/2025] [SERVER] TOOL QUẢN LÝ ẢNH SIÊU MƯỢT ĐÃ KHỞI ĐỘNG
[18:54:21 2/12/2025] [SERVER] → http://localhost:3000
[18:54:21 2/12/2025] [SERVER] → Giữ ảnh vĩnh viễn, không reload trang, tốc độ nhanh như chớp!
[18:54:21 2/12/2025] [SERVER] Định dạng CSV: TOOL_BACKUP
[18:54:21 2/12/2025] [SERVER] KHỞI ĐỘNG THÀNH CÔNG – Load 365 sản phẩm (giữ lại ảnh cũ)
[18:54:23 2/12/2025] [::1] Truy cập trang chủ
[18:54:56 2/12/2025] [SERVER] Đang load từ: products_with_images.csv
[18:54:56 2/12/2025] [SERVER] TOOL QUẢN LÝ ẢNH SIÊU MƯỢT ĐÃ KHỞI ĐỘNG
[18:54:56 2/12/2025] [SERVER] → http://localhost:3000
[18:54:56 2/12/2025] [SERVER] → Giữ ảnh vĩnh viễn, không reload trang, tốc độ nhanh như chớp!
[18:54:56 2/12/2025] [SERVER] Định dạng CSV: TOOL_BACKUP
[18:54:57 2/12/2025] [SERVER] KHỞI ĐỘNG THÀNH CÔNG – Load 365 sản phẩm (giữ lại ảnh cũ)
[18:55:00 2/12/2025] [::1] Truy cập trang chủ
[18:55:23 2/12/2025] [::1] UPLOAD → Charming Wool Fox Plush | Ảnh 2 → charming-wool-fox-plush-2.webp (77KB)
[18:56:02 2/12/2025] [::1] UPLOAD → Charming Wool Fox Plush | Ảnh 3 → charming-wool-fox-plush-3.webp (77KB)
[18:56:28 2/12/2025] [::1] UPLOAD → Charming Wool Fox Plush | Ảnh 4 → charming-wool-fox-plush-4.webp (77KB)
[18:56:42 2/12/2025] [SERVER] Đang load từ: products_with_images.csv
[18:56:42 2/12/2025] [SERVER] TOOL QUẢN LÝ ẢNH SIÊU MƯỢT ĐÃ KHỞI ĐỘNG
[18:56:42 2/12/2025] [SERVER] → http://localhost:3000
[18:56:42 2/12/2025] [SERVER] → Giữ ảnh vĩnh viễn, không reload trang, tốc độ nhanh như chớp!
[18:56:42 2/12/2025] [SERVER] Định dạng CSV: TOOL_BACKUP
[18:56:42 2/12/2025] [SERVER] KHỞI ĐỘNG THÀNH CÔNG – Load 365 sản phẩm (giữ lại ảnh cũ)
[18:56:46 2/12/2025] [::1] Truy cập trang chủ
[18:57:10 2/12/2025] [::1] UPLOAD → Classic Cuddly Teddy Bear | Ảnh 2 → classic-cuddly-teddy-bear-2.webp (77KB)
[18:57:41 2/12/2025] [SERVER] Đang load từ: products_with_images.csv
[18:57:41 2/12/2025] [SERVER] TOOL QUẢN LÝ ẢNH SIÊU MƯỢT ĐÃ KHỞI ĐỘNG
[18:57:41 2/12/2025] [SERVER] → http://localhost:3000
[18:57:41 2/12/2025] [SERVER] → Giữ ảnh vĩnh viễn, không reload trang, tốc độ nhanh như chớp!
[18:57:41 2/12/2025] [SERVER] Định dạng CSV: TOOL_BACKUP
[18:57:41 2/12/2025] [SERVER] KHỞI ĐỘNG THÀNH CÔNG – Load 365 sản phẩm (giữ lại ảnh cũ)
[18:57:55 2/12/2025] [SERVER] Đang load từ: products_with_images.csv
[18:57:55 2/12/2025] [SERVER] TOOL QUẢN LÝ ẢNH SIÊU MƯỢT ĐÃ KHỞI ĐỘNG
[18:57:55 2/12/2025] [SERVER] → http://localhost:3000
[18:57:55 2/12/2025] [SERVER] → Giữ ảnh vĩnh viễn, không reload trang, tốc độ nhanh như chớp!
[18:57:55 2/12/2025] [SERVER] Định dạng CSV: TOOL_BACKUP
[18:57:55 2/12/2025] [SERVER] KHỞI ĐỘNG THÀNH CÔNG – Load 365 sản phẩm (giữ lại ảnh cũ)
[18:58:07 2/12/2025] [::1] Truy cập trang chủ
[18:59:58 2/12/2025] [SERVER] Đang load từ: products_with_images.csv
[18:59:59 2/12/2025] [SERVER] TOOL QUẢN LÝ ẢNH SIÊU MƯỢT ĐÃ KHỞI ĐỘNG
[18:59:59 2/12/2025] [SERVER] → http://localhost:3000
[18:59:59 2/12/2025] [SERVER] → Giữ ảnh vĩnh viễn, không reload trang, tốc độ nhanh như chớp!
[18:59:59 2/12/2025] [SERVER] Định dạng CSV: TOOL_BACKUP
[18:59:59 2/12/2025] [SERVER] KHỞI ĐỘNG THÀNH CÔNG – Load 365 sản phẩm (giữ lại ảnh cũ)
[19:00:01 2/12/2025] [::1] Truy cập trang chủ
[19:00:26 2/12/2025] [::1] UPLOAD → Classic Cuddly Teddy Bear | Ảnh 3 → classic-cuddly-teddy-bear-3.webp (77KB)
[19:00:47 2/12/2025] [SERVER] Đang load từ: products_with_images.csv
[19:00:47 2/12/2025] [SERVER] TOOL QUẢN LÝ ẢNH SIÊU MƯỢT ĐÃ KHỞI ĐỘNG
[19:00:47 2/12/2025] [SERVER] → http://localhost:3000
[19:00:47 2/12/2025] [SERVER] → Giữ ảnh vĩnh viễn, không reload trang, tốc độ nhanh như chớp!
[19:00:47 2/12/2025] [SERVER] Định dạng CSV: TOOL_BACKUP
[19:00:47 2/12/2025] [SERVER] KHỞI ĐỘNG THÀNH CÔNG – Load 365 sản phẩm (giữ lại ảnh cũ)
[19:00:50 2/12/2025] [::1] Truy cập trang chủ
[19:01:11 2/12/2025] [SERVER] Đang load từ: products_with_images.csv
[19:01:11 2/12/2025] [SERVER] TOOL QUẢN LÝ ẢNH SIÊU MƯỢT ĐÃ KHỞI ĐỘNG
[19:01:11 2/12/2025] [SERVER] → http://localhost:3000
[19:01:11 2/12/2025] [SERVER] → Giữ ảnh vĩnh viễn, không reload trang, tốc độ nhanh như chớp!
[19:01:11 2/12/2025] [SERVER] Định dạng CSV: TOOL_BACKUP
[19:01:11 2/12/2025] [SERVER] KHỞI ĐỘNG THÀNH CÔNG – Load 365 sản phẩm (giữ lại ảnh cũ)
[19:01:13 2/12/2025] [::1] Truy cập trang chủ
[19:01:35 2/12/2025] [::1] UPLOAD → Classic Cuddly Teddy Bear | Ảnh 4 → classic-cuddly-teddy-bear-4.webp (77KB)
[19:03:28 2/12/2025] [::1] Truy cập trang chủ
[19:04:30 2/12/2025] [SERVER] Đang load từ: products_with_images.csv
[19:04:30 2/12/2025] [SERVER] TOOL QUẢN LÝ ẢNH SIÊU MƯỢT ĐÃ KHỞI ĐỘNG
[19:04:30 2/12/2025] [SERVER] → http://localhost:3000
[19:04:30 2/12/2025] [SERVER] → Giữ ảnh vĩnh viễn, không reload trang, tốc độ nhanh như chớp!
[19:04:30 2/12/2025] [SERVER] Định dạng CSV: TOOL_BACKUP
[19:04:30 2/12/2025] [SERVER] KHỞI ĐỘNG THÀNH CÔNG – Load 365 sản phẩm (giữ lại ảnh cũ)
[19:04:41 2/12/2025] [SERVER] Đang load từ: products_with_images.csv
[19:04:41 2/12/2025] [SERVER] TOOL QUẢN LÝ ẢNH SIÊU MƯỢT ĐÃ KHỞI ĐỘNG
[19:04:41 2/12/2025] [SERVER] → http://localhost:3000
[19:04:41 2/12/2025] [SERVER] → Giữ ảnh vĩnh viễn, không reload trang, tốc độ nhanh như chớp!
[19:04:41 2/12/2025] [SERVER] Định dạng CSV: TOOL_BACKUP
[19:04:41 2/12/2025] [SERVER] KHỞI ĐỘNG THÀNH CÔNG – Load 365 sản phẩm (giữ lại ảnh cũ)
[19:04:44 2/12/2025] [::1] Truy cập trang chủ
[19:05:08 2/12/2025] [::1] UPLOAD → Vibrant and Cuddly Colorful Panda Plush | Ảnh 2 → vibrant-and-cuddly-colorful-panda-plush-2.webp (77KB)
[19:08:47 2/12/2025] [SERVER] Đang load từ: products_with_images.csv
[19:08:47 2/12/2025] [SERVER] =====================================
[19:08:47 2/12/2025] [SERVER] API SERVER QUẢN LÝ ẢNH ĐÃ KHỞI ĐỘNG
[19:08:47 2/12/2025] [SERVER] → http://localhost:3000
[19:08:47 2/12/2025] [SERVER] → Frontend HTML chạy riêng, gọi API này
[19:08:47 2/12/2025] [SERVER] → Ảnh được lưu vĩnh viễn trong /public/images
[19:08:47 2/12/2025] [SERVER] =====================================
[19:08:47 2/12/2025] [SERVER] Định dạng CSV: TOOL_BACKUP
[19:08:47 2/12/2025] [SERVER] KHỞI ĐỘNG THÀNH CÔNG – Đã load 365 sản phẩm
[19:10:28 2/12/2025] [::1] UPLOAD LỖI → Vibrant and Cuddly Colorful Panda Plush | EBUSY: resource busy or locked, unlink 'E:\TOOL\wordpress\uploads\0df23a93ba44be441c3cd508eedfec3a'
[19:10:35 2/12/2025] [::1] UPLOAD LỖI → Vibrant and Cuddly Colorful Panda Plush | EBUSY: resource busy or locked, unlink 'E:\TOOL\wordpress\uploads\489d91d21fc8c4edd390f221cf4a6bb5'
[19:12:20 2/12/2025] [SERVER] Đang load từ: products_with_images.csv
[19:12:20 2/12/2025] [SERVER] ============================================
[19:12:20 2/12/2025] [SERVER]    TOOL QUẢN LÝ ẢNH SẢN PHẨM - PHIÊN BẢN MỚI   
[19:12:20 2/12/2025] [SERVER]    ĐÃ FIX HOÀN TOÀN LỖI EBUSY TRÊN WINDOWS   
[19:12:20 2/12/2025] [SERVER]    Server chạy tại: http://localhost:3000   
[19:12:20 2/12/2025] [SERVER]    Upload liên tục 1000 ảnh vẫn mượt mà!     
[19:12:20 2/12/2025] [SERVER] ============================================
[19:12:20 2/12/2025] [SERVER] Định dạng CSV: TOOL_BACKUP
[19:12:20 2/12/2025] [SERVER] KHỞI ĐỘNG THÀNH CÔNG – Đã load 365 sản phẩm
[19:12:31 2/12/2025] [127.0.0.1] UPLOAD → Vibrant and Cuddly Colorful Panda Plush | Ảnh 3 → vibrant-and-cuddly-colorful-panda-plush-3.webp (72KB)
[19:12:49 2/12/2025] [127.0.0.1] UPLOAD → Vibrant and Cuddly Colorful Panda Plush | Ảnh 4 → vibrant-and-cuddly-colorful-panda-plush-4.webp (52KB)
[19:16:21 2/12/2025] [127.0.0.1] UPLOAD → Charming Plastic Fox Toy | Ảnh 1 → charming-plastic-fox-toy-1.webp (28KB)
[19:17:27 2/12/2025] [127.0.0.1] UPLOAD → Charming Plastic Fox Toy | Ảnh 2 → charming-plastic-fox-toy-2.webp (7KB)
[19:17:32 2/12/2025] [127.0.0.1] XÓA ẢNH → Charming Plastic Fox Toy | Ảnh 2
[19:18:25 2/12/2025] [unknown] UPLOAD → Charming Plastic Fox Toy | Ảnh 2 → charming-plastic-fox-toy-2.webp (23KB)
[19:18:32 2/12/2025] [127.0.0.1] XÓA ẢNH → Classic Cuddly Teddy Bear | Ảnh 4
[19:18:35 2/12/2025] [127.0.0.1] XÓA ẢNH → Classic Cuddly Teddy Bear | Ảnh 3
[19:18:38 2/12/2025] [127.0.0.1] XÓA ẢNH → Classic Cuddly Teddy Bear | Ảnh 1
[19:18:42 2/12/2025] [127.0.0.1] XÓA ẢNH → Classic Cuddly Teddy Bear | Ảnh 2
[19:18:44 2/12/2025] [127.0.0.1] XÓA ẢNH → Charming Wool Fox Plush | Ảnh 4
[19:18:46 2/12/2025] [127.0.0.1] XÓA ẢNH → Charming Wool Fox Plush | Ảnh 2
[19:18:49 2/12/2025] [127.0.0.1] XÓA ẢNH → Charming Wool Fox Plush | Ảnh 1
[19:18:52 2/12/2025] [127.0.0.1] XÓA ẢNH → Charming Wool Fox Plush | Ảnh 3
[19:18:54 2/12/2025] [127.0.0.1] XÓA ẢNH → Vibrant and Cuddly Colorful Panda Plush | Ảnh 1
[19:18:57 2/12/2025] [127.0.0.1] XÓA ẢNH → Vibrant and Cuddly Colorful Panda Plush | Ảnh 3
[19:19:02 2/12/2025] [127.0.0.1] XÓA ẢNH → Vibrant and Cuddly Colorful Panda Plush | Ảnh 4
[19:19:05 2/12/2025] [127.0.0.1] XÓA ẢNH → Vibrant and Cuddly Colorful Panda Plush | Ảnh 2
[19:19:07 2/12/2025] [127.0.0.1] XÓA ẢNH → Charming Wool Dog Toy | Ảnh 1
[19:19:23 2/12/2025] [127.0.0.1] XÓA ẢNH → Charming Plastic Fox Toy | Ảnh 1
[19:19:26 2/12/2025] [127.0.0.1] XÓA ẢNH → Charming Plastic Fox Toy | Ảnh 2
[19:22:04 2/12/2025] [unknown] UPLOAD → Charming Wool Fox Plush | Ảnh 1 → charming-wool-fox-plush-1.webp (71KB)
[19:22:07 2/12/2025] [127.0.0.1] XÓA ẢNH → Charming Wool Fox Plush | Ảnh 1
[19:22:12 2/12/2025] [127.0.0.1] UPLOAD → Charming Wool Fox Plush | Ảnh 1 → charming-wool-fox-plush-1.webp (42KB)
[19:22:49 2/12/2025] [unknown] UPLOAD → Charming Wool Fox Plush | Ảnh 2 → charming-wool-fox-plush-2.webp (71KB)
[19:22:53 2/12/2025] [unknown] UPLOAD → Charming Wool Fox Plush | Ảnh 3 → charming-wool-fox-plush-3.webp (42KB)
[19:22:57 2/12/2025] [unknown] UPLOAD → Charming Wool Fox Plush | Ảnh 4 → charming-wool-fox-plush-4.webp (42KB)
[19:23:03 2/12/2025] [unknown] UPLOAD → Classic Cuddly Teddy Bear | Ảnh 1 → classic-cuddly-teddy-bear-1.webp (71KB)
[20:11:49 2/12/2025] [127.0.0.1] UPLOAD → Classic Cuddly Teddy Bear | Ảnh 1 → classic-cuddly-teddy-bear-1.webp (39KB)
[20:12:41 2/12/2025] [unknown] UPLOAD → Classic Cuddly Teddy Bear | Ảnh 2 → classic-cuddly-teddy-bear-2.webp (32KB)
[20:18:07 2/12/2025] [unknown] UPLOAD → Classic Cuddly Teddy Bear | Ảnh 3 → classic-cuddly-teddy-bear-3.webp (72KB)
[08:16:08 3/12/2025] [SERVER] Đang load từ: products_with_images.csv
[08:16:09 3/12/2025] [SERVER] ============================================
[08:16:09 3/12/2025] [SERVER]    TOOL QUẢN LÝ ẢNH SẢN PHẨM - PHIÊN BẢN MỚI   
[08:16:09 3/12/2025] [SERVER]    ĐÃ FIX HOÀN TOÀN LỖI EBUSY TRÊN WINDOWS   
[08:16:09 3/12/2025] [SERVER]    Server chạy tại: http://localhost:3000   
[08:16:09 3/12/2025] [SERVER]    Upload liên tục 1000 ảnh vẫn mượt mà!     
[08:16:09 3/12/2025] [SERVER] ============================================
[08:16:09 3/12/2025] [SERVER] Định dạng CSV: TOOL_BACKUP
[08:16:09 3/12/2025] [SERVER] KHỞI ĐỘNG THÀNH CÔNG – Đã load 365 sản phẩm
[08:55:33 3/12/2025] [unknown] UPLOAD → Charming Wool Fox Plush | Ảnh 2 → charming-wool-fox-plush-2.webp (42KB)
[08:55:38 3/12/2025] [unknown] UPLOAD → Charming Wool Fox Plush | Ảnh 1 → charming-wool-fox-plush-1.webp (32KB)
[09:52:29 3/12/2025] [unknown] UPLOAD → Charming Wool Fox Plush | Ảnh 3 → charming-wool-fox-plush-3.webp (42KB)
[09:52:33 3/12/2025] [127.0.0.1] XÓA ẢNH → Charming Wool Fox Plush | Ảnh 3
[09:52:35 3/12/2025] [127.0.0.1] XÓA ẢNH → Charming Wool Fox Plush | Ảnh 2
[09:52:38 3/12/2025] [127.0.0.1] XÓA ẢNH → Charming Wool Fox Plush | Ảnh 1
[09:53:08 3/12/2025] [unknown] UPLOAD → Charming Wool Fox Plush | Ảnh 1 → charming-wool-fox-plush-1.webp (57KB)
[09:53:34 3/12/2025] [unknown] UPLOAD → Charming Wool Fox Plush | Ảnh 2 → charming-wool-fox-plush-2.webp (75KB)
[09:54:06 3/12/2025] [unknown] UPLOAD → Charming Wool Fox Plush | Ảnh 3 → charming-wool-fox-plush-3.webp (45KB)
[09:54:32 3/12/2025] [unknown] UPLOAD → Charming Wool Fox Plush | Ảnh 4 → charming-wool-fox-plush-4.webp (45KB)
[09:54:36 3/12/2025] [127.0.0.1] XÓA ẢNH → Charming Wool Fox Plush | Ảnh 4
[09:54:47 3/12/2025] [unknown] UPLOAD → Charming Wool Fox Plush | Ảnh 4 → charming-wool-fox-plush-4.webp (46KB)
[10:01:10 3/12/2025] [unknown] UPLOAD → Classic Cuddly Teddy Bear | Ảnh 1 → classic-cuddly-teddy-bear-1.webp (78KB)
[10:01:45 3/12/2025] [unknown] UPLOAD → Classic Cuddly Teddy Bear | Ảnh 2 → classic-cuddly-teddy-bear-2.webp (58KB)
[10:02:37 3/12/2025] [unknown] UPLOAD → Classic Cuddly Teddy Bear | Ảnh 3 → classic-cuddly-teddy-bear-3.webp (63KB)
[10:03:09 3/12/2025] [unknown] UPLOAD → Classic Cuddly Teddy Bear | Ảnh 4 → classic-cuddly-teddy-bear-4.webp (76KB)
[10:03:58 3/12/2025] [unknown] UPLOAD → Vibrant and Cuddly Colorful Panda Plush | Ảnh 1 → vibrant-and-cuddly-colorful-panda-plush-1.webp (47KB)
[10:04:29 3/12/2025] [unknown] UPLOAD → Vibrant and Cuddly Colorful Panda Plush | Ảnh 2 → vibrant-and-cuddly-colorful-panda-plush-2.webp (43KB)
[10:05:05 3/12/2025] [unknown] UPLOAD → Vibrant and Cuddly Colorful Panda Plush | Ảnh 3 → vibrant-and-cuddly-colorful-panda-plush-3.webp (43KB)
[10:05:33 3/12/2025] [unknown] UPLOAD → Vibrant and Cuddly Colorful Panda Plush | Ảnh 4 → vibrant-and-cuddly-colorful-panda-plush-4.webp (41KB)
[10:07:42 3/12/2025] [unknown] UPLOAD → Playful Plastic Panda Toys | Ảnh 1 → playful-plastic-panda-toys-1.webp (53KB)
[10:09:21 3/12/2025] [unknown] UPLOAD → Charming Wool Dog Toy | Ảnh 1 → charming-wool-dog-toy-1.webp (30KB)
[10:09:46 3/12/2025] [unknown] UPLOAD → Charming Wool Dog Toy | Ảnh 2 → charming-wool-dog-toy-2.webp (109KB)
[10:10:13 3/12/2025] [unknown] UPLOAD → Charming Wool Dog Toy | Ảnh 3 → charming-wool-dog-toy-3.webp (63KB)
[10:10:28 3/12/2025] [unknown] UPLOAD → Charming Wool Dog Toy | Ảnh 4 → charming-wool-dog-toy-4.webp (27KB)
[10:12:50 3/12/2025] [unknown] UPLOAD → Adorable Orange Wool Fox Toy | Ảnh 1 → adorable-orange-wool-fox-toy-1.webp (64KB)
[10:13:17 3/12/2025] [unknown] UPLOAD → Adorable Orange Wool Fox Toy | Ảnh 2 → adorable-orange-wool-fox-toy-2.webp (262KB)
[10:15:17 3/12/2025] [unknown] UPLOAD → Adorable Orange Wool Fox Toy | Ảnh 3 → adorable-orange-wool-fox-toy-3.webp (66KB)
[10:15:51 3/12/2025] [unknown] UPLOAD → Adorable Orange Wool Fox Toy | Ảnh 4 → adorable-orange-wool-fox-toy-4.webp (60KB)
[10:16:20 3/12/2025] [unknown] UPLOAD → Vibrant and Soft Colorful Plush Toy | Ảnh 1 → vibrant-and-soft-colorful-plush-toy-1.webp (56KB)
[10:16:47 3/12/2025] [unknown] UPLOAD → Vibrant and Soft Colorful Plush Toy | Ảnh 2 → vibrant-and-soft-colorful-plush-toy-2.webp (56KB)
[10:17:14 3/12/2025] [unknown] UPLOAD → Vibrant and Soft Colorful Plush Toy | Ảnh 3 → vibrant-and-soft-colorful-plush-toy-3.webp (82KB)
[10:17:47 3/12/2025] [unknown] UPLOAD → Vibrant and Soft Colorful Plush Toy | Ảnh 4 → vibrant-and-soft-colorful-plush-toy-4.webp (58KB)
[10:30:17 3/12/2025] [unknown] UPLOAD → Adorable Wool Brown Bear Toy | Ảnh 1 → adorable-wool-brown-bear-toy-1.webp (83KB)
[10:32:39 3/12/2025] [unknown] UPLOAD → Adorable Wool Brown Bear Toy | Ảnh 1 → adorable-wool-brown-bear-toy-1.webp (116KB)
[10:33:10 3/12/2025] [unknown] UPLOAD → Vibrant and Soft Colorful Wool Toy | Ảnh 1 → vibrant-and-soft-colorful-wool-toy-1.webp (77KB)
[10:33:37 3/12/2025] [unknown] UPLOAD → Magical White Unicorn Plush | Ảnh 1 → magical-white-unicorn-plush-1.webp (17KB)
[10:34:48 3/12/2025] [unknown] UPLOAD → Colorful Wooden Bear Puzzle | Ảnh 1 → colorful-wooden-bear-puzzle-1.webp (29KB)
[10:35:29 3/12/2025] [unknown] UPLOAD → Woody the Bear: The Perfect Companion | Ảnh 1 → woody-the-bear-the-perfect-companion-1.webp (25KB)
[10:35:57 3/12/2025] [unknown] UPLOAD → Vibrant Colorful Wooden Toy | Ảnh 1 → vibrant-colorful-wooden-toy-1.webp (13KB)
[10:36:29 3/12/2025] [unknown] UPLOAD → Charming Wooden Cat Toy | Ảnh 1 → charming-wooden-cat-toy-1.webp (20KB)
[10:37:59 3/12/2025] [unknown] UPLOAD → Unique Wooden and Wool Toy | Ảnh 1 → unique-wooden-and-wool-toy-1.webp (47KB)
[10:38:33 3/12/2025] [unknown] UPLOAD → Mini Wooden Toy: Small and Mighty Fun | Ảnh 1 → mini-wooden-toy-small-and-mighty-fun-1.webp (19KB)
[10:39:07 3/12/2025] [unknown] UPLOAD → Classic Black and White Panda Wooden Toy | Ảnh 1 → classic-black-and-white-panda-wooden-toy-1.webp (24KB)
[10:39:40 3/12/2025] [unknown] UPLOAD → Timeless Wooden Elephant Toy | Ảnh 1 → timeless-wooden-elephant-toy-1.webp (16KB)
[10:40:10 3/12/2025] [unknown] UPLOAD → Classic Wooden Brown Toy | Ảnh 1 → classic-wooden-brown-toy-1.webp (27KB)
[10:40:43 3/12/2025] [unknown] UPLOAD → Charming Pink Plastic Unicorn Toy | Ảnh 1 → charming-pink-plastic-unicorn-toy-1.webp (23KB)
[10:41:35 3/12/2025] [unknown] UPLOAD → Vibrant Colorful Hamster Toy | Ảnh 1 → vibrant-colorful-hamster-toy-1.webp (32KB)
[10:42:12 3/12/2025] [unknown] UPLOAD → Bright and Fun Colorful Animal Toys | Ảnh 1 → bright-and-fun-colorful-animal-toys-1.webp (45KB)
[10:44:25 3/12/2025] [unknown] UPLOAD → Soft and Cute Colorful Toys | Ảnh 1 → soft-and-cute-colorful-toys-1.webp (39KB)
[10:46:00 3/12/2025] [unknown] UPLOAD → Bright and Fun Colorful Animal Toys | Ảnh 1 → bright-and-fun-colorful-animal-toys-1.webp (44KB)
[10:47:37 3/12/2025] [unknown] UPLOAD → Charming Plastic Fox Toy | Ảnh 1 → charming-plastic-fox-toy-1.webp (19KB)
[10:48:06 3/12/2025] [unknown] UPLOAD → Eco-Friendly Upcycled Dog Toy | Ảnh 1 → eco-friendly-upcycled-dog-toy-1.webp (77KB)
[10:49:41 3/12/2025] [unknown] UPLOAD → Eco-Friendly Upcycled Hedgehog Toy | Ảnh 1 → eco-friendly-upcycled-hedgehog-toy-1.webp (116KB)
[10:50:12 3/12/2025] [unknown] UPLOAD → Eco-Friendly Upcycled Hamster Toy | Ảnh 1 → eco-friendly-upcycled-hamster-toy-1.webp (67KB)
[10:51:47 3/12/2025] [unknown] UPLOAD → Eco-Friendly Upcycled Cat Toy | Ảnh 1 → eco-friendly-upcycled-cat-toy-1.webp (82KB)
[10:52:17 3/12/2025] [unknown] UPLOAD → Eco-Friendly Upcycled Fox Toy | Ảnh 1 → eco-friendly-upcycled-fox-toy-1.webp (92KB)
[10:52:46 3/12/2025] [unknown] UPLOAD → Eco-Friendly Upcycled Dog Toy | Ảnh 1 → eco-friendly-upcycled-dog-toy-1.webp (84KB)
[10:53:11 3/12/2025] [unknown] UPLOAD → Eco-Friendly Upcycled Plush Toy | Ảnh 1 → eco-friendly-upcycled-plush-toy-1.webp (55KB)
[10:53:53 3/12/2025] [unknown] UPLOAD → Eco-Friendly Upcycled Plush Hamster | Ảnh 1 → eco-friendly-upcycled-plush-hamster-1.webp (49KB)
[10:55:02 3/12/2025] [unknown] UPLOAD → Cuddly Wool Sheep Toy | Ảnh 1 → cuddly-wool-sheep-toy-1.webp (21KB)
[10:55:32 3/12/2025] [unknown] UPLOAD → Buttonly Upcycled Toy | Ảnh 1 → buttonly-upcycled-toy-1.webp (94KB)
[10:56:01 3/12/2025] [unknown] UPLOAD → Snuggly Wool Panda Toy | Ảnh 1 → snuggly-wool-panda-toy-1.webp (51KB)
[10:56:34 3/12/2025] [unknown] UPLOAD → Wooden Animal Puzzle | Ảnh 1 → wooden-animal-puzzle-1.webp (29KB)
[10:57:06 3/12/2025] [unknown] UPLOAD → Wooden Animal Puzzle Toy | Ảnh 1 → wooden-animal-puzzle-toy-1.webp (31KB)
[11:00:27 3/12/2025] [unknown] UPLOAD → Wooden Puzzle Parts | Ảnh 1 → wooden-puzzle-parts-1.webp (31KB)
[11:01:01 3/12/2025] [unknown] UPLOAD → Farm Puzzle Toys | Ảnh 1 → farm-puzzle-toys-1.webp (42KB)
[11:01:35 3/12/2025] [unknown] UPLOAD → Colorful Puzzle Toys | Ảnh 1 → colorful-puzzle-toys-1.webp (47KB)
[11:02:13 3/12/2025] [unknown] UPLOAD → Colorful Wooden Puzzle Set | Ảnh 1 → colorful-wooden-puzzle-set-1.webp (45KB)
[11:03:18 3/12/2025] [unknown] UPLOAD → Cardboard Car Toy | Ảnh 1 → cardboard-car-toy-1.webp (25KB)
[11:03:50 3/12/2025] [unknown] UPLOAD → Cardboard Tiny Toy | Ảnh 1 → cardboard-tiny-toy-1.webp (30KB)
[11:04:34 3/12/2025] [unknown] UPLOAD → Cardboard Robot Toy | Ảnh 1 → cardboard-robot-toy-1.webp (43KB)
[11:05:08 3/12/2025] [unknown] UPLOAD → Cardboard and Paper Toy Set | Ảnh 1 → cardboard-and-paper-toy-set-1.webp (41KB)
[11:05:48 3/12/2025] [unknown] UPLOAD → Cute Paper Toy | Ảnh 1 → cute-paper-toy-1.webp (22KB)
[14:11:05 3/12/2025] [SERVER] Đang load từ: products_with_images.csv
[14:11:05 3/12/2025] [SERVER] ============================================
[14:11:05 3/12/2025] [SERVER]    TOOL QUẢN LÝ ẢNH SẢN PHẨM - PHIÊN BẢN MỚI   
[14:11:05 3/12/2025] [SERVER]    ĐÃ FIX HOÀN TOÀN LỖI EBUSY TRÊN WINDOWS   
[14:11:05 3/12/2025] [SERVER]    Server chạy tại: http://localhost:3000   
[14:11:05 3/12/2025] [SERVER]    Upload liên tục 1000 ảnh vẫn mượt mà!     
[14:11:05 3/12/2025] [SERVER] ============================================
[14:11:05 3/12/2025] [SERVER] Định dạng CSV: TOOL_BACKUP
[14:11:05 3/12/2025] [SERVER] KHỞI ĐỘNG THÀNH CÔNG – Đã load 365 sản phẩm
[14:12:10 3/12/2025] [unknown] UPLOAD → Paper Animal Toys Set | Ảnh 1 → paper-animal-toys-set-1.webp (33KB)
[14:12:54 3/12/2025] [unknown] UPLOAD → Fuzzy the Friendly Plush Bear | Ảnh 1 → fuzzy-the-friendly-plush-bear-1.webp (54KB)
[14:13:15 3/12/2025] [unknown] UPLOAD → Cuddles the Adorable Pup | Ảnh 1 → cuddles-the-adorable-pup-1.webp (33KB)
[14:14:01 3/12/2025] [unknown] UPLOAD → Vintage-Style Handcrafted Plush Rabbit | Ảnh 1 → vintage-style-handcrafted-plush-rabbit-1.webp (70KB)
[14:14:28 3/12/2025] [unknown] UPLOAD → Blue Fox Toy | Ảnh 1 → blue-fox-toy-1.webp (35KB)
[14:14:56 3/12/2025] [unknown] UPLOAD → Block-Bot Buddy: Your Geometric Adventure Companion | Ảnh 1 → block-bot-buddy-your-geometric-adventure-companion-1.webp (18KB)
[14:15:26 3/12/2025] [unknown] UPLOAD → Little Explorer's Playtime Set | Ảnh 1 → little-explorer-s-playtime-set-1.webp (19KB)
[14:16:01 3/12/2025] [unknown] UPLOAD → The Cozy Critters Playtime Collection | Ảnh 1 → the-cozy-critters-playtime-collection-1.webp (22KB)
[14:16:30 3/12/2025] [unknown] UPLOAD → The Adventure Buddies Toy Set | Ảnh 1 → the-adventure-buddies-toy-set-1.webp (22KB)
[14:17:01 3/12/2025] [unknown] UPLOAD → Cosmic Friends Playtime Set | Ảnh 1 → cosmic-friends-playtime-set-1.webp (19KB)
[14:17:31 3/12/2025] [unknown] UPLOAD → Magical Adventure Playtime Set | Ảnh 1 → magical-adventure-playtime-set-1.webp (24KB)
[14:18:06 3/12/2025] [unknown] UPLOAD → Safari Adventure Playset | Ảnh 1 → safari-adventure-playset-1.webp (24KB)
[14:18:37 3/12/2025] [unknown] UPLOAD → Rainbow Safari Adventure Play Set | Ảnh 1 → rainbow-safari-adventure-play-set-1.webp (24KB)
[14:19:09 3/12/2025] [unknown] UPLOAD → Cheerful Critter Pals Play Set | Ảnh 1 → cheerful-critter-pals-play-set-1.webp (79KB)
[14:19:43 3/12/2025] [unknown] UPLOAD → Safari Friends Activity Play Set | Ảnh 1 → safari-friends-activity-play-set-1.webp (46KB)
[14:20:28 3/12/2025] [unknown] UPLOAD → Charming Wool Giraffe Toy | Ảnh 1 → charming-wool-giraffe-toy-1.webp (57KB)
[14:21:00 3/12/2025] [unknown] UPLOAD → Vibrant Colorful Dog Toy | Ảnh 1 → vibrant-colorful-dog-toy-1.webp (51KB)
[14:21:33 3/12/2025] [unknown] UPLOAD → Adorable Wool Hedgehog Toy | Ảnh 1 → adorable-wool-hedgehog-toy-1.webp (61KB)
[14:23:08 3/12/2025] [unknown] UPLOAD → Majestic Wool Lion Toy | Ảnh 1 → majestic-wool-lion-toy-1.webp (75KB)
[14:23:41 3/12/2025] [unknown] UPLOAD → Bright and Cute Colorful Wool Toy | Ảnh 1 → bright-and-cute-colorful-wool-toy-1.webp (64KB)
[14:24:11 3/12/2025] [unknown] UPLOAD → Soft Gray Wool Rabbit Toy | Ảnh 1 → soft-gray-wool-rabbit-toy-1.webp (67KB)
[14:24:44 3/12/2025] [unknown] UPLOAD → Bright Blue Fabric Toy | Ảnh 1 → bright-blue-fabric-toy-1.webp (66KB)
[14:25:19 3/12/2025] [unknown] UPLOAD → Enchanting Fabric Unicorn Toy | Ảnh 1 → enchanting-fabric-unicorn-toy-1.webp (31KB)
[14:25:52 3/12/2025] [unknown] UPLOAD → Charming Pink Wool Rabbit Toy | Ảnh 1 → charming-pink-wool-rabbit-toy-1.webp (38KB)
[14:26:48 3/12/2025] [unknown] UPLOAD → Adorable Wool Panda Toy | Ảnh 1 → adorable-wool-panda-toy-1.webp (48KB)
[14:27:30 3/12/2025] [unknown] UPLOAD → Action-Packed Adventure Toy Set | Ảnh 1 → action-packed-adventure-toy-set-1.webp (45KB)
[14:28:01 3/12/2025] [unknown] UPLOAD → Magical Adventure Toy Set | Ảnh 1 → magical-adventure-toy-set-1.webp (31KB)
[14:28:32 3/12/2025] [unknown] UPLOAD → Jungle Joy Playtime Set | Ảnh 1 → jungle-joy-playtime-set-1.webp (51KB)
[14:40:11 3/12/2025] [unknown] UPLOAD → Adorable Wool Panda Toy | Ảnh 1 → adorable-wool-panda-toy-1.webp (20KB)
[14:41:07 3/12/2025] [127.0.0.1] UPLOAD → Block-Bot Buddy: Your Geometric Adventure Companion (Copy) | Ảnh 1 → block-bot-buddy-your-geometric-adventure-companion-copy-1.webp (20KB)
[14:41:33 3/12/2025] [unknown] UPLOAD → Rainbow Adventure Toy Set | Ảnh 1 → rainbow-adventure-toy-set-1.webp (35KB)
[14:44:38 3/12/2025] [unknown] UPLOAD → Safari Friends Adventure Set | Ảnh 1 → safari-friends-adventure-set-1.webp (38KB)
[14:45:11 3/12/2025] [unknown] UPLOAD → Farmyard Fun Friends Play Set | Ảnh 1 → farmyard-fun-friends-play-set-1.webp (34KB)
[14:45:56 3/12/2025] [unknown] UPLOAD → Cuddly Critters Plush Toy Set | Ảnh 1 → cuddly-critters-plush-toy-set-1.webp (45KB)
[14:46:26 3/12/2025] [unknown] UPLOAD → Adventure Buddies Playtime Set | Ảnh 1 → adventure-buddies-playtime-set-1.webp (39KB)
[14:46:54 3/12/2025] [unknown] UPLOAD → Magical Tea Party Play Set | Ảnh 1 → magical-tea-party-play-set-1.webp (31KB)
[14:47:21 3/12/2025] [unknown] UPLOAD → Adventure Buddies Toy Set | Ảnh 1 → adventure-buddies-toy-set-1.webp (32KB)
[14:47:54 3/12/2025] [unknown] UPLOAD → Charming Small Wooden Toy | Ảnh 1 → charming-small-wooden-toy-1.webp (21KB)
[14:48:23 3/12/2025] [unknown] UPLOAD → Farmyard Fun Friends Play Set | Ảnh 1 → farmyard-fun-friends-play-set-1.webp (31KB)
[14:48:55 3/12/2025] [unknown] UPLOAD → Rainbow Friends Playset | Ảnh 1 → rainbow-friends-playset-1.webp (62KB)
[14:49:22 3/12/2025] [127.0.0.1] UPLOAD → Tên sản phẩm | Ảnh 1 → ten-san-pham-1.webp (22KB)
[14:49:52 3/12/2025] [unknown] UPLOAD → Rainbow Explorer Learning Playset | Ảnh 1 → rainbow-explorer-learning-playset-1.webp (42KB)
[14:50:22 3/12/2025] [127.0.0.1] UPLOAD → Cosmic Adventure Playset for Kids | Ảnh 1 → cosmic-adventure-playset-for-kids-1.webp (34KB)
[14:50:53 3/12/2025] [127.0.0.1] UPLOAD → Soft & Fun Animal Friends Playset for Kids | Ảnh 1 → soft-fun-animal-friends-playset-for-kids-1.webp (31KB)
[14:51:28 3/12/2025] [unknown] UPLOAD → Unicorn & Rainbow Creativity Kit | Ảnh 1 → unicorn-rainbow-creativity-kit-1.webp (32KB)
[14:52:06 3/12/2025] [unknown] UPLOAD → Sunny Friends Adventure Playset | Ảnh 1 → sunny-friends-adventure-playset-1.webp (36KB)
[14:52:49 3/12/2025] [unknown] UPLOAD → Magical Castle Adventure Playset | Ảnh 1 → magical-castle-adventure-playset-1.webp (34KB)
[14:53:19 3/12/2025] [unknown] UPLOAD → Junior Shopkeeper Playset | Ảnh 1 → junior-shopkeeper-playset-1.webp (43KB)
[14:53:53 3/12/2025] [127.0.0.1] UPLOAD → Fun & Learn Toy Bundle | Ảnh 1 → fun-learn-toy-bundle-1.webp (33KB)
[14:54:29 3/12/2025] [unknown] UPLOAD → Cuddly Croco Buddy | Ảnh 1 → cuddly-croco-buddy-1.webp (56KB)
[14:55:24 3/12/2025] [unknown] UPLOAD → Little Explorer's Toy Collection | Ảnh 1 → little-explorer-s-toy-collection-1.webp (35KB)
[14:56:12 3/12/2025] [unknown] UPLOAD → Rainbow Sparkle Unicorn Plush | Ảnh 1 → rainbow-sparkle-unicorn-plush-1.webp (31KB)
[14:56:41 3/12/2025] [unknown] UPLOAD → Snuggle Buddy Puppy Plush | Ảnh 1 → snuggle-buddy-puppy-plush-1.webp (43KB)
[14:57:09 3/12/2025] [unknown] UPLOAD → Sunny Bear Buddy | Ảnh 1 → sunny-bear-buddy-1.webp (43KB)
[14:58:03 3/12/2025] [unknown] UPLOAD → Ellie the Snuggly Elephant | Ảnh 1 → ellie-the-snuggly-elephant-1.webp (39KB)
[14:58:34 3/12/2025] [127.0.0.1] UPLOAD → Little Adventurer’s Toy Box | Ảnh 1 → little-adventurer-s-toy-box-1.webp (29KB)
[14:59:04 3/12/2025] [unknown] UPLOAD → DinoBuddy Plush Toy | Ảnh 1 → dinobuddy-plush-toy-1.webp (42KB)
[14:59:33 3/12/2025] [unknown] UPLOAD → Quacky the Singing Duck | Ảnh 1 → quacky-the-singing-duck-1.webp (25KB)
[15:00:03 3/12/2025] [unknown] UPLOAD → Little Explorer's Playtime Set | Ảnh 1 → little-explorer-s-playtime-set-1.webp (45KB)
[15:00:50 3/12/2025] [127.0.0.1] UPLOAD → Bubble Bunny Toy | Ảnh 1 → bubble-bunny-toy-1.webp (20KB)
[15:01:13 3/12/2025] [unknown] UPLOAD → Playtime Buddy Basket | Ảnh 1 → playtime-buddy-basket-1.webp (45KB)
[15:02:09 3/12/2025] [127.0.0.1] UPLOAD → Cozy Critters Play Set | Ảnh 1 → cozy-critters-play-set-1.webp (31KB)
[15:07:26 3/12/2025] [unknown] UPLOAD → Playtime Paradise Toy Set | Ảnh 1 → playtime-paradise-toy-set-1.webp (55KB)
[15:07:48 3/12/2025] [unknown] UPLOAD → Enchanted Farm Friends Playset | Ảnh 1 → enchanted-farm-friends-playset-1.webp (67KB)
[15:08:14 3/12/2025] [unknown] UPLOAD → Cozy Critters & Wheels Toy Basket | Ảnh 1 → cozy-critters-wheels-toy-basket-1.webp (40KB)
[15:08:36 3/12/2025] [unknown] UPLOAD → SparkleDream Unicorn Plush Toy | Ảnh 1 → sparkledream-unicorn-plush-toy-1.webp (46KB)
[15:09:01 3/12/2025] [unknown] UPLOAD → Forest Friends Plush and Puzzle Playset | Ảnh 1 → forest-friends-plush-and-puzzle-playset-1.webp (45KB)
[15:09:25 3/12/2025] [unknown] UPLOAD → Bouncy Buddy - The Smiley Ball for Active Play | Ảnh 1 → bouncy-buddy-the-smiley-ball-for-active-play-1.webp (33KB)
[15:09:50 3/12/2025] [unknown] UPLOAD → Wooden Vehicle Toy Set for Kids | Ảnh 1 → wooden-vehicle-toy-set-for-kids-1.webp (34KB)
[15:10:35 3/12/2025] [unknown] UPLOAD → Friendly Friends Educational Toy Set for Toddlers | Ảnh 1 → friendly-friends-educational-toy-set-for-toddlers-1.webp (37KB)
[15:11:01 3/12/2025] [unknown] UPLOAD → Cuddle Pals Plush Toy Set - Unicorn, Duck, and Heart | Ảnh 1 → cuddle-pals-plush-toy-set-unicorn-duck-and-heart-1.webp (36KB)
[15:11:24 3/12/2025] [unknown] UPLOAD → Pink Cuddle Bunny Plush – Soft and Adorable Friend for Kids | Ảnh 1 → pink-cuddle-bunny-plush-soft-and-adorable-friend-for-kids-1.webp (39KB)
[15:11:52 3/12/2025] [unknown] UPLOAD → The Ultimate Plush & Activity Box – Adorable Toy Collection for Kids | Ảnh 1 → the-ultimate-plush-activity-box-adorable-toy-collection-for-kids-1.webp (85KB)
[15:12:53 3/12/2025] [unknown] UPLOAD → Sunny the Duck – Adorable Plush Toy Companion for Kids | Ảnh 1 → sunny-the-duck-adorable-plush-toy-companion-for-kids-1.webp (53KB)
[15:13:12 3/12/2025] [unknown] UPLOAD → Sparkle the Magical Unicorn Plush | Ảnh 1 → sparkle-the-magical-unicorn-plush-1.webp (42KB)
[15:13:33 3/12/2025] [unknown] UPLOAD → Rainbow Adventure Buddies - Unicorn & Car Playset | Ảnh 1 → rainbow-adventure-buddies-unicorn-car-playset-1.webp (39KB)
[15:13:57 3/12/2025] [unknown] UPLOAD → Ultimate Playroom Adventure Set | Ảnh 1 → ultimate-playroom-adventure-set-1.webp (84KB)
[15:14:20 3/12/2025] [unknown] UPLOAD → Penguin Holiday Plush Toy on Wooden Sleigh | Ảnh 1 → penguin-holiday-plush-toy-on-wooden-sleigh-1.webp (66KB)
[15:14:42 3/12/2025] [unknown] UPLOAD → Blush Bunny Plush Toy | Ảnh 1 → blush-bunny-plush-toy-1.webp (40KB)
[15:15:09 3/12/2025] [unknown] UPLOAD → Ultimate Playtime Adventure Set | Ảnh 1 → ultimate-playtime-adventure-set-1.webp (45KB)
[15:15:37 3/12/2025] [unknown] UPLOAD → Rainbow Cuddle Buddy | Ảnh 1 → rainbow-cuddle-buddy-1.webp (36KB)
[15:16:00 3/12/2025] [unknown] UPLOAD → Magic Unicorn and Rainbow Play Set | Ảnh 1 → magic-unicorn-and-rainbow-play-set-1.webp (39KB)
[15:16:30 3/12/2025] [unknown] UPLOAD → Dreamy Rainbow Unicorn Plush | Ảnh 1 → dreamy-rainbow-unicorn-plush-1.webp (29KB)
[15:17:02 3/12/2025] [unknown] UPLOAD → Snuggle Bear | Ảnh 1 → snuggle-bear-1.webp (45KB)
[15:17:29 3/12/2025] [unknown] UPLOAD → Animal Adventure Building Blocks | Ảnh 1 → animal-adventure-building-blocks-1.webp (33KB)
[15:17:55 3/12/2025] [unknown] UPLOAD → Heartfelt Hugs Teddy Bear | Ảnh 1 → heartfelt-hugs-teddy-bear-1.webp (47KB)
[15:18:18 3/12/2025] [unknown] UPLOAD → Animal Friends Play Ball | Ảnh 1 → animal-friends-play-ball-1.webp (53KB)
[15:18:44 3/12/2025] [unknown] UPLOAD → Sunshine & Friends Play Set | Ảnh 1 → sunshine-friends-play-set-1.webp (38KB)
[15:19:12 3/12/2025] [unknown] UPLOAD → Ellie the Love Elephant | Ảnh 1 → ellie-the-love-elephant-1.webp (36KB)
[15:19:44 3/12/2025] [unknown] UPLOAD → Froggy Buddy Plush | Ảnh 1 → froggy-buddy-plush-1.webp (38KB)
[15:20:13 3/12/2025] [unknown] UPLOAD → Sparkle Dreams Unicorn | Ảnh 1 → sparkle-dreams-unicorn-1.webp (46KB)
[15:20:40 3/12/2025] [unknown] UPLOAD → Toyland Adventure Collection | Ảnh 1 → toyland-adventure-collection-1.webp (61KB)
[15:21:38 3/12/2025] [unknown] UPLOAD → Rainbow Dreams Unicorn Plush Toy | Ảnh 1 → rainbow-dreams-unicorn-plush-toy-1.webp (45KB)
[15:22:06 3/12/2025] [unknown] UPLOAD → Sunny Smiles Toy Car | Ảnh 1 → sunny-smiles-toy-car-1.webp (55KB)
[15:22:32 3/12/2025] [unknown] UPLOAD → Melody Friends Musical Toy Set | Ảnh 1 → melody-friends-musical-toy-set-1.webp (45KB)
[15:23:03 3/12/2025] [unknown] UPLOAD → Caterpillar & Castle Fun Play Set | Ảnh 1 → caterpillar-castle-fun-play-set-1.webp (45KB)
[15:23:23 3/12/2025] [unknown] UPLOAD → Smiley Buddy Soft Ball | Ảnh 1 → smiley-buddy-soft-ball-1.webp (69KB)
[15:23:57 3/12/2025] [unknown] UPLOAD → Colorful Patterned Ball Pack | Ảnh 1 → colorful-patterned-ball-pack-1.webp (47KB)
[15:24:31 3/12/2025] [unknown] UPLOAD → Adventure Play Blocks & Vehicle Set | Ảnh 1 → adventure-play-blocks-vehicle-set-1.webp (88KB)
[15:25:07 3/12/2025] [unknown] UPLOAD → Dreamland Toy Collection | Ảnh 1 → dreamland-toy-collection-1.webp (70KB)
[15:25:44 3/12/2025] [unknown] UPLOAD → Quacky the Plush Duck | Ảnh 1 → quacky-the-plush-duck-1.webp (37KB)
[15:26:23 3/12/2025] [unknown] UPLOAD → Sunny Duck Plushie | Ảnh 1 → sunny-duck-plushie-1.webp (49KB)
[15:26:53 3/12/2025] [unknown] UPLOAD → Snowy Bunny Plushie | Ảnh 1 → snowy-bunny-plushie-1.webp (45KB)
[15:27:38 3/12/2025] [unknown] UPLOAD → Smiley Snail Plushie | Ảnh 1 → smiley-snail-plushie-1.webp (33KB)
[15:28:02 3/12/2025] [unknown] UPLOAD → Rainbow Fun Box for Kids | Ảnh 1 → rainbow-fun-box-for-kids-1.webp (60KB)
[15:28:36 3/12/2025] [unknown] UPLOAD → Quacky Melody Duck Toy | Ảnh 1 → quacky-melody-duck-toy-1.webp (59KB)
[15:29:00 3/12/2025] [unknown] UPLOAD → Deluxe Playtime Toy Box | Ảnh 1 → deluxe-playtime-toy-box-1.webp (54KB)
[15:29:30 3/12/2025] [unknown] UPLOAD → Kids' Imagination Playset - Plush and Wooden Toys Combo | Ảnh 1 → kids-imagination-playset-plush-and-wooden-toys-combo-1.webp (75KB)
[15:30:05 3/12/2025] [unknown] UPLOAD → Cool Wooly - The Stylish Sheep Plush Toy | Ảnh 1 → cool-wooly-the-stylish-sheep-plush-toy-1.webp (45KB)
[15:30:31 3/12/2025] [unknown] UPLOAD → Sunny Buddy - The Cheerful Sun Plush Toy | Ảnh 1 → sunny-buddy-the-cheerful-sun-plush-toy-1.webp (47KB)
[15:31:00 3/12/2025] [unknown] UPLOAD → Giggly Pals - Smiley Squish Plush | Ảnh 1 → giggly-pals-smiley-squish-plush-1.webp (39KB)
[15:31:32 3/12/2025] [unknown] UPLOAD → Teddy Town Wooden Playset | Ảnh 1 → teddy-town-wooden-playset-1.webp (41KB)
[15:32:03 3/12/2025] [unknown] UPLOAD → Fluffy Quackers - Adorable Duck Plush | Ảnh 1 → fluffy-quackers-adorable-duck-plush-1.webp (47KB)
[15:32:33 3/12/2025] [unknown] UPLOAD → Playful Plush Pals - Adorable Soft Toys for Kids | Ảnh 1 → playful-plush-pals-adorable-soft-toys-for-kids-1.webp (49KB)
[15:33:23 3/12/2025] [unknown] UPLOAD → Ellie the Cozy Elephant - Plush Toy for Kids | Ảnh 1 → ellie-the-cozy-elephant-plush-toy-for-kids-1.webp (46KB)
[15:33:49 3/12/2025] [unknown] UPLOAD → Kids' Playroom Essentials - Toy Collection Set | Ảnh 1 → kids-playroom-essentials-toy-collection-set-1.webp (39KB)
[15:34:18 3/12/2025] [unknown] UPLOAD → Playful Beginnings Toy Set | Ảnh 1 → playful-beginnings-toy-set-1.webp (51KB)
[15:34:59 3/12/2025] [unknown] UPLOAD → Cuddly Elephant Buddy | Ảnh 1 → cuddly-elephant-buddy-1.webp (43KB)
[15:35:57 3/12/2025] [unknown] UPLOAD → Creative Playtime Basket | Ảnh 1 → creative-playtime-basket-1.webp (83KB)
[15:36:29 3/12/2025] [unknown] UPLOAD → CozyPlay Toy Bundle | Ảnh 1 → cozyplay-toy-bundle-1.webp (59KB)
[15:36:57 3/12/2025] [unknown] UPLOAD → Rainbow Dreams Unicorn Plush | Ảnh 1 → rainbow-dreams-unicorn-plush-1.webp (52KB)
[15:37:54 3/12/2025] [unknown] UPLOAD → Hug-A-Heart Talking Teddy Bear | Ảnh 1 → hug-a-heart-talking-teddy-bear-1.webp (53KB)
[15:38:24 3/12/2025] [unknown] UPLOAD → CuddleBear Buddy Plush Toy | Ảnh 1 → cuddlebear-buddy-plush-toy-1.webp (41KB)
[15:40:52 3/12/2025] [unknown] UPLOAD → Cozy Friends Playset & Building Blocks | Ảnh 1 → cozy-friends-playset-building-blocks-1.webp (50KB)
[15:41:41 3/12/2025] [unknown] UPLOAD → Quacky the Explorer | Ảnh 1 → quacky-the-explorer-1.webp (43KB)
[15:42:08 3/12/2025] [unknown] UPLOAD → Playful Adventure Toy Set for Kids | Ảnh 1 → playful-adventure-toy-set-for-kids-1.webp (56KB)
[15:42:42 3/12/2025] [unknown] UPLOAD → Sunny Smiles Plush Toy | Ảnh 1 → sunny-smiles-plush-toy-1.webp (31KB)
[15:43:21 3/12/2025] [unknown] UPLOAD → Dino & Blocks Adventure Play Set | Ảnh 1 → dino-blocks-adventure-play-set-1.webp (58KB)
[15:43:57 3/12/2025] [unknown] UPLOAD → Buddy the Friendly Plush Dog | Ảnh 1 → buddy-the-friendly-plush-dog-1.webp (39KB)
[15:44:26 3/12/2025] [unknown] UPLOAD → Adventure Toy Set: Plush Friends & Colorful Building Blocks | Ảnh 1 → adventure-toy-set-plush-friends-colorful-building-blocks-1.webp (54KB)
[15:44:58 3/12/2025] [unknown] UPLOAD → Cozy Critters & Wooden Wheels Play Set | Ảnh 1 → cozy-critters-wooden-wheels-play-set-1.webp (62KB)
[15:45:30 3/12/2025] [unknown] UPLOAD → KiddoPlay Fun Toy Set | Ảnh 1 → kiddoplay-fun-toy-set-1.webp (51KB)
[15:46:14 3/12/2025] [unknown] UPLOAD → Woodland Wonder Playset | Ảnh 1 → woodland-wonder-playset-1.webp (53KB)
[15:46:46 3/12/2025] [unknown] UPLOAD → Heartful Hug Teddy | Ảnh 1 → heartful-hug-teddy-1.webp (37KB)
[15:47:13 3/12/2025] [unknown] UPLOAD → Heartful Teddy Buddy | Ảnh 1 → heartful-teddy-buddy-1.webp (58KB)
[15:47:41 3/12/2025] [unknown] UPLOAD → RoboPal Learning Companion | Ảnh 1 → robopal-learning-companion-1.webp (43KB)
[15:48:14 3/12/2025] [unknown] UPLOAD → FunPlay Toy Basket Set | Ảnh 1 → funplay-toy-basket-set-1.webp (55KB)
[15:48:45 3/12/2025] [127.0.0.1] UPLOAD → Sunny Buddy Plush Toy | Ảnh 1 → sunny-buddy-plush-toy-1.webp (30KB)
[15:49:15 3/12/2025] [unknown] UPLOAD → Cuddle & Cruise Play Set | Ảnh 1 → cuddle-cruise-play-set-1.webp (50KB)
[15:49:51 3/12/2025] [unknown] UPLOAD → Playful Haven: Multi-Activity Wooden Toy Set | Ảnh 1 → playful-haven-multi-activity-wooden-toy-set-1.webp (32KB)
[15:50:34 3/12/2025] [unknown] UPLOAD → Quacky Companion: Interactive Plush Duck Toy | Ảnh 1 → quacky-companion-interactive-plush-duck-toy-1.webp (67KB)
[15:51:06 3/12/2025] [unknown] UPLOAD → Magic Playbox: Multi-Toy Gift Set for Kids | Ảnh 1 → magic-playbox-multi-toy-gift-set-for-kids-1.webp (56KB)
[15:51:50 3/12/2025] [unknown] UPLOAD → Sunny Duckling Plush Toy | Ảnh 1 → sunny-duckling-plush-toy-1.webp (46KB)
[15:52:20 3/12/2025] [unknown] UPLOAD → Kids' Toy Wonderland Set | Ảnh 1 → kids-toy-wonderland-set-1.webp (81KB)
[15:52:53 3/12/2025] [unknown] UPLOAD → Animal Friends Activity Ball | Ảnh 1 → animal-friends-activity-ball-1.webp (36KB)
[15:53:18 3/12/2025] [unknown] UPLOAD → Playful Buddy Toy Set | Ảnh 1 → playful-buddy-toy-set-1.webp (54KB)
[15:53:48 3/12/2025] [unknown] UPLOAD → Cuddly Dino Explorer | Ảnh 1 → cuddly-dino-explorer-1.webp (43KB)
[15:54:18 3/12/2025] [unknown] UPLOAD → Adventure Buddies Play Set | Ảnh 1 → adventure-buddies-play-set-1.webp (46KB)
[15:54:47 3/12/2025] [unknown] UPLOAD → Playful Pals Toy Set | Ảnh 1 → playful-pals-toy-set-1.webp (41KB)
[15:55:48 3/12/2025] [unknown] UPLOAD → Rainy Day Teddy Bear | Ảnh 1 → rainy-day-teddy-bear-1.webp (52KB)
[15:56:22 3/12/2025] [unknown] UPLOAD → Dreamy Cloud Unicorn | Ảnh 1 → dreamy-cloud-unicorn-1.webp (42KB)
[15:57:04 3/12/2025] [unknown] UPLOAD → Sunny the Adventure Duck Plush Toy | Ảnh 1 → sunny-the-adventure-duck-plush-toy-1.webp (58KB)
[15:57:59 3/12/2025] [unknown] UPLOAD → Enchanted Cuddles Plush Friends Set | Ảnh 1 → enchanted-cuddles-plush-friends-set-1.webp (43KB)
[15:58:35 3/12/2025] [unknown] UPLOAD → Whiskers the Friendly Plush Cat | Ảnh 1 → whiskers-the-friendly-plush-cat-1.webp (49KB)
[15:59:09 3/12/2025] [unknown] UPLOAD → Teddy & Friends Activity Box | Ảnh 1 → teddy-friends-activity-box-1.webp (60KB)
[15:59:52 3/12/2025] [unknown] UPLOAD → Magical Rainbow Unicorn Playset | Ảnh 1 → magical-rainbow-unicorn-playset-1.webp (45KB)
[16:00:27 3/12/2025] [127.0.0.1] UPLOAD → Bunny & Friends Early Learning Playset | Ảnh 1 → bunny-friends-early-learning-playset-1.webp (35KB)
[16:01:06 3/12/2025] [unknown] UPLOAD → Lily the Duckling Plush Toy | Ảnh 1 → lily-the-duckling-plush-toy-1.webp (40KB)
[16:01:39 3/12/2025] [unknown] UPLOAD → Giggles the Happy Monster Plush | Ảnh 1 → giggles-the-happy-monster-plush-1.webp (42KB)
[16:02:16 3/12/2025] [unknown] UPLOAD → Daffy the Fluffy Duckling | Ảnh 1 → daffy-the-fluffy-duckling-1.webp (33KB)
[16:02:57 3/12/2025] [unknown] UPLOAD → Sunny Buddy Plush Toy | Ảnh 1 → sunny-buddy-plush-toy-1.webp (31KB)
[16:03:44 3/12/2025] [unknown] UPLOAD → Ultimate Fun Playset for Kids | Ảnh 1 → ultimate-fun-playset-for-kids-1.webp (55KB)
[16:04:35 3/12/2025] [unknown] UPLOAD → Forest Friends Adventure Playset | Ảnh 1 → forest-friends-adventure-playset-1.webp (56KB)
[16:05:14 3/12/2025] [unknown] UPLOAD → KiddoPlay Funland Toy Set | Ảnh 1 → kiddoplay-funland-toy-set-1.webp (68KB)
[16:05:36 3/12/2025] [unknown] UPLOAD → CozyCritters & PlayWorld Toy Collection | Ảnh 1 → cozycritters-playworld-toy-collection-1.webp (68KB)
[16:06:10 3/12/2025] [unknown] UPLOAD → Unicorn Playmate with Rainbow Fun | Ảnh 1 → unicorn-playmate-with-rainbow-fun-1.webp (61KB)
[16:06:52 3/12/2025] [unknown] UPLOAD → Cuddly Critter Buddies & Playtime Adventure Set | Ảnh 1 → cuddly-critter-buddies-playtime-adventure-set-1.webp (41KB)
[16:07:41 3/12/2025] [unknown] UPLOAD → Soft Cuddles Baby Elephant Plush | Ảnh 1 → soft-cuddles-baby-elephant-plush-1.webp (81KB)
[16:08:23 3/12/2025] [unknown] UPLOAD → Big-Eyed Buddy Fox Plush | Ảnh 1 → big-eyed-buddy-fox-plush-1.webp (29KB)
[16:08:53 3/12/2025] [unknown] UPLOAD → Cozy Bear Plushie | Ảnh 1 → cozy-bear-plushie-1.webp (55KB)
[16:09:23 3/12/2025] [unknown] UPLOAD → Tiny Trunk Elephant Plush | Ảnh 1 → tiny-trunk-elephant-plush-1.webp (57KB)
[16:09:58 3/12/2025] [127.0.0.1] UPLOAD → Speedy Smile Toy Car | Ảnh 1 → speedy-smile-toy-car-1.webp (24KB)
[16:10:47 3/12/2025] [unknown] UPLOAD → Happy Pony Rocker Toy | Ảnh 1 → happy-pony-rocker-toy-1.webp (30KB)
[16:11:21 3/12/2025] [unknown] UPLOAD → Cuddly Duck Plush Toy | Ảnh 1 → cuddly-duck-plush-toy-1.webp (37KB)
[16:12:15 3/12/2025] [unknown] UPLOAD → Quacky the Cozy Duck Plush | Ảnh 1 → quacky-the-cozy-duck-plush-1.webp (43KB)
[16:12:57 3/12/2025] [unknown] UPLOAD → Animal Friends Plush Toy Basket with Wooden Train Set | Ảnh 1 → animal-friends-plush-toy-basket-with-wooden-train-set-1.webp (55KB)
[16:13:43 3/12/2025] [unknown] UPLOAD → Chef Paws the Cooking Pup - Plush Toy Companion | Ảnh 1 → chef-paws-the-cooking-pup-plush-toy-companion-1.webp (47KB)
[16:14:23 3/12/2025] [unknown] UPLOAD → Lily the Plush Duckling - Pond Pal Adventure Buddy | Ảnh 1 → lily-the-plush-duckling-pond-pal-adventure-buddy-1.webp (46KB)
[16:15:06 3/12/2025] [unknown] UPLOAD → SnuggleZoo Buddies Plush Set | Ảnh 1 → snugglezoo-buddies-plush-set-1.webp (51KB)
[16:15:44 3/12/2025] [unknown] UPLOAD → Little Explorers Playtime Bundle | Ảnh 1 → little-explorers-playtime-bundle-1.webp (40KB)
[16:16:17 3/12/2025] [unknown] UPLOAD → Ultimate Playtime Adventure Set | Ảnh 1 → ultimate-playtime-adventure-set-1.webp (63KB)
[16:16:48 3/12/2025] [unknown] UPLOAD → Kids' Dreamland Toy Set | Ảnh 1 → kids-dreamland-toy-set-1.webp (45KB)
[16:17:19 3/12/2025] [unknown] UPLOAD → Cuddly Round Bear Plushie | Ảnh 1 → cuddly-round-bear-plushie-1.webp (34KB)
[16:17:56 3/12/2025] [unknown] UPLOAD → Snuggly Shark Buddy Plush | Ảnh 1 → snuggly-shark-buddy-plush-1.webp (37KB)
[16:18:30 3/12/2025] [unknown] UPLOAD → Creative Playtime Toy Set for Kids | Ảnh 1 → creative-playtime-toy-set-for-kids-1.webp (48KB)
[16:19:06 3/12/2025] [unknown] UPLOAD → Outdoor Adventure Playset for Kids | Ảnh 1 → outdoor-adventure-playset-for-kids-1.webp (73KB)
[16:19:40 3/12/2025] [unknown] UPLOAD → Soft Sensory Baby Ball | Ảnh 1 → soft-sensory-baby-ball-1.webp (40KB)
[16:20:51 3/12/2025] [unknown] UPLOAD → Whimsy Playtime Collection – Soft Plushies & Wooden Blocks Set | Ảnh 1 → whimsy-playtime-collection-soft-plushies-wooden-blocks-set-1.webp (28KB)
[16:21:26 3/12/2025] [unknown] UPLOAD → Farmyard Friends Interactive Animal Set | Ảnh 1 → farmyard-friends-interactive-animal-set-1.webp (39KB)
[16:22:07 3/12/2025] [unknown] UPLOAD → Cuddly Crew Plush Toy Set | Ảnh 1 → cuddly-crew-plush-toy-set-1.webp (44KB)
[16:22:47 3/12/2025] [unknown] UPLOAD → Little Explorer's Toy Chest | Ảnh 1 → little-explorer-s-toy-chest-1.webp (54KB)
[16:23:37 3/12/2025] [unknown] UPLOAD → Magical Rainbow Playset | Ảnh 1 → magical-rainbow-playset-1.webp (38KB)
[16:24:23 3/12/2025] [unknown] UPLOAD → Splashy Shark Buddy | Ảnh 1 → splashy-shark-buddy-1.webp (39KB)
[16:25:10 3/12/2025] [unknown] UPLOAD → Cuddle & Build Playset | Ảnh 1 → cuddle-build-playset-1.webp (35KB)
[16:25:58 3/12/2025] [unknown] UPLOAD → Playtime Wonder Workshop | Ảnh 1 → playtime-wonder-workshop-1.webp (51KB)
[16:26:35 3/12/2025] [unknown] UPLOAD → Adventure Friends Playset | Ảnh 1 → adventure-friends-playset-1.webp (33KB)
[16:27:13 3/12/2025] [unknown] UPLOAD → Buddy Bear Plush | Ảnh 1 → buddy-bear-plush-1.webp (72KB)
[16:27:58 3/12/2025] [unknown] UPLOAD → Cuddle & Build Play Set | Ảnh 1 → cuddle-build-play-set-1.webp (41KB)
[16:28:43 3/12/2025] [unknown] UPLOAD → Snuggle Pup Plush | Ảnh 1 → snuggle-pup-plush-1.webp (66KB)
[16:29:57 3/12/2025] [unknown] UPLOAD → Toddler's Fun & Learn Toy Set | Ảnh 1 → toddler-s-fun-learn-toy-set-1.webp (34KB)
[16:30:33 3/12/2025] [unknown] UPLOAD → Sunny the Smiling Duck Plush Toy | Ảnh 1 → sunny-the-smiling-duck-plush-toy-1.webp (43KB)
[16:31:12 3/12/2025] [unknown] UPLOAD → Rosie the Pink Bunny Plush Toy | Ảnh 1 → rosie-the-pink-bunny-plush-toy-1.webp (48KB)
[16:32:32 3/12/2025] [unknown] UPLOAD → DinoBuddy – The Adorable Dinosaur Toy | Ảnh 1 → dinobuddy-the-adorable-dinosaur-toy-1.webp (32KB)
[16:33:25 3/12/2025] [unknown] UPLOAD → TeddyTalk – The Interactive Learning Bear | Ảnh 1 → teddytalk-the-interactive-learning-bear-1.webp (56KB)
[16:34:07 3/12/2025] [unknown] UPLOAD → FunLand Playset – The Ultimate Toy Collection for Kids | Ảnh 1 → funland-playset-the-ultimate-toy-collection-for-kids-1.webp (45KB)
[16:34:36 3/12/2025] [unknown] UPLOAD → Ellie the Happy Elephant Plush | Ảnh 1 → ellie-the-happy-elephant-plush-1.webp (66KB)
[16:35:59 3/12/2025] [unknown] UPLOAD → Leo the Learning Lion Plush | Ảnh 1 → leo-the-learning-lion-plush-1.webp (53KB)
[16:36:41 3/12/2025] [unknown] UPLOAD → BubbleBuddy the Smiley Ball | Ảnh 1 → bubblebuddy-the-smiley-ball-1.webp (53KB)
[16:36:57 3/12/2025] [127.0.0.1] XÓA ẢNH → BubbleBuddy the Smiley Ball | Ảnh 1
[16:37:33 3/12/2025] [unknown] UPLOAD → BubbleBuddy the Smiley Ball | Ảnh 1 → bubblebuddy-the-smiley-ball-1.webp (50KB)
[16:38:03 3/12/2025] [unknown] UPLOAD → Sunny Snuggle Plushie | Ảnh 1 → sunny-snuggle-plushie-1.webp (50KB)
[16:39:45 3/12/2025] [unknown] UPLOAD → Whimsy Playtime Collection | Ảnh 1 → whimsy-playtime-collection-1.webp (101KB)
[16:40:25 3/12/2025] [unknown] UPLOAD → Playful Harmony Toy Set | Ảnh 1 → playful-harmony-toy-set-1.webp (40KB)
[16:41:21 3/12/2025] [unknown] UPLOAD → Sunny the Smiling Plush Sun | Ảnh 1 → sunny-the-smiling-plush-sun-1.webp (44KB)
[16:41:57 3/12/2025] [unknown] UPLOAD → Happy Shapes Sensory Play Set | Ảnh 1 → happy-shapes-sensory-play-set-1.webp (49KB)
[16:42:41 3/12/2025] [unknown] UPLOAD → Animal Friends & Rescue Vehicles Play Set | Ảnh 1 → animal-friends-rescue-vehicles-play-set-1.webp (50KB)
[16:43:23 3/12/2025] [unknown] UPLOAD → Fun & Learn Toy Box for Kids | Ảnh 1 → fun-learn-toy-box-for-kids-1.webp (37KB)
[16:44:14 3/12/2025] [unknown] UPLOAD → Moonlight Love Elephant | Ảnh 1 → moonlight-love-elephant-1.webp (43KB)
[16:45:20 3/12/2025] [unknown] UPLOAD → Playtime Treasures Toy Set | Ảnh 1 → playtime-treasures-toy-set-1.webp (43KB)
[16:45:57 3/12/2025] [unknown] UPLOAD → Pinkie Buddy Bear | Ảnh 1 → pinkie-buddy-bear-1.webp (39KB)
[16:46:51 3/12/2025] [unknown] UPLOAD → Play & Learn Adventure Set | Ảnh 1 → play-learn-adventure-set-1.webp (68KB)
[16:47:36 3/12/2025] [unknown] UPLOAD → Joyful Tots Playtime Set | Ảnh 1 → joyful-tots-playtime-set-1.webp (38KB)
[16:48:12 3/12/2025] [unknown] UPLOAD → Joyful Playset for Kids | Ảnh 1 → joyful-playset-for-kids-1.webp (72KB)
[16:48:55 3/12/2025] [unknown] UPLOAD → Heartwarming Teddy Bear | Ảnh 1 → heartwarming-teddy-bear-1.webp (37KB)
[16:49:46 3/12/2025] [unknown] UPLOAD → Ultimate Fun & Learning Toy Collection | Ảnh 1 → ultimate-fun-learning-toy-collection-1.webp (71KB)
[16:50:25 3/12/2025] [unknown] UPLOAD → DinoGlow Buddy - Interactive Plush Toy | Ảnh 1 → dinoglow-buddy-interactive-plush-toy-1.webp (38KB)
[16:50:56 3/12/2025] [unknown] UPLOAD → CozyCorgi Buddy - Snuggly Plush Toy | Ảnh 1 → cozycorgi-buddy-snuggly-plush-toy-1.webp (60KB)
[16:51:35 3/12/2025] [unknown] UPLOAD → StarBear & Cozy Cottage Playset | Ảnh 1 → starbear-cozy-cottage-playset-1.webp (36KB)
[16:52:12 3/12/2025] [unknown] UPLOAD → Fuzzy Duckling Plush Toy | Ảnh 1 → fuzzy-duckling-plush-toy-1.webp (47KB)
[16:52:55 3/12/2025] [unknown] UPLOAD → Ultimate Fun & Learn Toy Set | Ảnh 1 → ultimate-fun-learn-toy-set-1.webp (55KB)
[16:53:31 3/12/2025] [unknown] UPLOAD → Bunny Buddy Plush with Wooden Chair | Ảnh 1 → bunny-buddy-plush-with-wooden-chair-1.webp (39KB)
[16:54:07 3/12/2025] [unknown] UPLOAD → Rainbow Buddy Bear | Ảnh 1 → rainbow-buddy-bear-1.webp (64KB)
[16:54:51 3/12/2025] [unknown] UPLOAD → Playtime Adventure Box | Ảnh 1 → playtime-adventure-box-1.webp (33KB)
[16:55:34 3/12/2025] [unknown] UPLOAD → Dino Buddy Plush | Ảnh 1 → dino-buddy-plush-1.webp (59KB)
[16:56:13 3/12/2025] [unknown] UPLOAD → DinoBot & Unicorn Friends Playtime Set | Ảnh 1 → dinobot-unicorn-friends-playtime-set-1.webp (55KB)
[16:56:51 3/12/2025] [unknown] UPLOAD → Sunny Buddy Plush Pillow | Ảnh 1 → sunny-buddy-plush-pillow-1.webp (38KB)
[16:57:33 3/12/2025] [127.0.0.1] UPLOAD → Rainbow Unicorn Magic Plush | Ảnh 1 → rainbow-unicorn-magic-plush-1.webp (36KB)
[16:58:11 3/12/2025] [unknown] UPLOAD → FunPlay Kids' Toy Basket | Ảnh 1 → funplay-kids-toy-basket-1.webp (42KB)
[16:58:53 3/12/2025] [unknown] UPLOAD → SunnyBuddy Plush Pillow | Ảnh 1 → sunnybuddy-plush-pillow-1.webp (59KB)
[16:59:32 3/12/2025] [unknown] UPLOAD → HeartBuddy Teddy Bear | Ảnh 1 → heartbuddy-teddy-bear-1.webp (57KB)
